0 info it worked if it ends with ok
1 verbose cli [ '/usr/local/Cellar/node/5.2.0/bin/node',
1 verbose cli   '/usr/local/bin/npm',
1 verbose cli   'run',
1 verbose cli   'dev2' ]
2 info using npm@3.3.12
3 info using node@v5.2.0
4 verbose run-script [ 'predev2', 'dev2', 'postdev2' ]
5 info lifecycle blogging-app@1.0.0~predev2: blogging-app@1.0.0
6 silly lifecycle blogging-app@1.0.0~predev2: no script for predev2, continuing
7 info lifecycle blogging-app@1.0.0~dev2: blogging-app@1.0.0
8 verbose lifecycle blogging-app@1.0.0~dev2: unsafe-perm in lifecycle true
9 verbose lifecycle blogging-app@1.0.0~dev2: PATH: /usr/local/lib/node_modules/npm/bin/node-gyp-bin:/Users/brunogtavares/Desktop/Exercises/ReactJS/blogging-app/node_modules/.bin:/Users/brunogtavares/anaconda/bin:/Users/brunogtavares/.rvm/gems/ruby-2.2.1/bin:/Users/brunogtavares/.rvm/gems/ruby-2.2.1@global/bin:/Users/brunogtavares/.rvm/rubies/ruby-2.2.1/bin:/usr/local/share/npm/bin:/usr/local/share/python:/Users/brunogtavares/bin:/usr/local/bin:/usr/bin:/bin:/usr/sbin:/sbin:/usr/local/bin:/opt/X11/bin:/Users/brunogtavares/anaconda/bin:/Users/brunogtavares/.rvm/gems/ruby-2.2.1/bin:/Users/brunogtavares/.rvm/gems/ruby-2.2.1@global/bin:/Users/brunogtavares/.rvm/rubies/ruby-2.2.1/bin:/usr/local/share/npm/bin:/usr/local/share/python:/Users/brunogtavares/bin:/Users/brunogtavares/.rvm/bin
10 verbose lifecycle blogging-app@1.0.0~dev2: CWD: /Users/brunogtavares/Desktop/Exercises/ReactJS/blogging-app
11 silly lifecycle blogging-app@1.0.0~dev2: Args: [ '-c',
11 silly lifecycle   'cp views/index.html public/index.html && NODE_ENV=development webpack && npm run webpack-dev-server' ]
12 silly lifecycle blogging-app@1.0.0~dev2: Returned: code: 1  signal: null
13 info lifecycle blogging-app@1.0.0~dev2: Failed to exec dev2 script
14 verbose stack Error: blogging-app@1.0.0 dev2: `cp views/index.html public/index.html && NODE_ENV=development webpack && npm run webpack-dev-server`
14 verbose stack Exit status 1
14 verbose stack     at EventEmitter.<anonymous> (/usr/local/lib/node_modules/npm/lib/utils/lifecycle.js:232:16)
14 verbose stack     at emitTwo (events.js:88:13)
14 verbose stack     at EventEmitter.emit (events.js:173:7)
14 verbose stack     at ChildProcess.<anonymous> (/usr/local/lib/node_modules/npm/lib/utils/spawn.js:24:14)
14 verbose stack     at emitTwo (events.js:88:13)
14 verbose stack     at ChildProcess.emit (events.js:173:7)
14 verbose stack     at maybeClose (internal/child_process.js:819:16)
14 verbose stack     at Process.ChildProcess._handle.onexit (internal/child_process.js:212:5)
15 verbose pkgid blogging-app@1.0.0
16 verbose cwd /Users/brunogtavares/Desktop/Exercises/ReactJS/blogging-app
17 error Darwin 15.3.0
18 error argv "/usr/local/Cellar/node/5.2.0/bin/node" "/usr/local/bin/npm" "run" "dev2"
19 error node v5.2.0
20 error npm  v3.3.12
21 error code ELIFECYCLE
22 error blogging-app@1.0.0 dev2: `cp views/index.html public/index.html && NODE_ENV=development webpack && npm run webpack-dev-server`
22 error Exit status 1
23 error Failed at the blogging-app@1.0.0 dev2 script 'cp views/index.html public/index.html && NODE_ENV=development webpack && npm run webpack-dev-server'.
23 error Make sure you have the latest version of node.js and npm installed.
23 error If you do, this is most likely a problem with the blogging-app package,
23 error not with npm itself.
23 error Tell the author that this fails on your system:
23 error     cp views/index.html public/index.html && NODE_ENV=development webpack && npm run webpack-dev-server
23 error You can get their info via:
23 error     npm owner ls blogging-app
23 error There is likely additional logging output above.
24 verbose exit [ 1, true ]
